2026-05-30T22:52:04Z INF Thank you for trying Cloudflare Tunnel. Doing so, without a Cloudflare account, is a quick way to experiment and try it out. However, be aware that these account-less Tunnels have no uptime guarantee, are subject to the Cloudflare Online Services Terms of Use (https://www.cloudflare.com/website-terms/), and Cloudflare reserves the right to investigate your use of Tunnels for violations of such terms. If you intend to use Tunnels in production you should use a pre-created named tunnel by following: https://developers.cloudflare.com/cloudflare-one/connections/connect-apps
2026-05-30T22:52:04Z INF Requesting new quick Tunnel on trycloudflare.com...
2026-05-30T22:52:09Z INF +--------------------------------------------------------------------------------------------+
2026-05-30T22:52:09Z INF |  Your quick Tunnel has been created! Visit it at (it may take some time to be reachable):  |
2026-05-30T22:52:09Z INF |  https://panel-flex-weekends-gibraltar.trycloudflare.com                                   |
2026-05-30T22:52:09Z INF +--------------------------------------------------------------------------------------------+
2026-05-30T22:52:09Z INF Cannot determine default configuration path. No file [config.yml config.yaml] in [~/.cloudflared ~/.cloudflare-warp ~/cloudflare-warp]
2026-05-30T22:52:09Z INF Version 2026.5.2 (Checksum 20b9638f685333d623798e733effbad2487093f15ba592f6c7752360ff3b7ab7)
2026-05-30T22:52:09Z INF GOOS: windows, GOVersion: go1.26.3, GoArch: amd64
2026-05-30T22:52:09Z INF Settings: map[ha-connections:1 protocol:quic url:http://localhost:3000]
2026-05-30T22:52:09Z INF cloudflared will not automatically update on Windows systems.
2026-05-30T22:52:09Z INF Generated Connector ID: 3d608db1-da00-4da3-aba3-cf837df1752c
2026-05-30T22:52:09Z INF Initial protocol quic
2026-05-30T22:52:09Z INF ICMP proxy will use 192.168.100.6 as source for IPv4
2026-05-30T22:52:09Z INF ICMP proxy will use fe80::f19b:d20f:85da:83c9 in zone Wi-Fi as source for IPv6
2026-05-30T22:52:09Z INF cloudflared does not support loading the system root certificate pool on Windows. Please use --origin-ca-pool <PATH> to specify the path to the certificate pool
2026-05-30T22:52:09Z INF ICMP proxy will use 192.168.100.6 as source for IPv4
2026-05-30T22:52:09Z INF Tunnel connection curve preferences: [X25519MLKEM768 CurveID(65074) CurveP256] connIndex=0 event=0 ip=198.41.192.27
2026-05-30T22:52:09Z INF ICMP proxy will use fe80::f19b:d20f:85da:83c9 in zone Wi-Fi as source for IPv6
2026-05-30T22:52:09Z INF Starting metrics server on 127.0.0.1:20241/metrics
2026-05-30T22:52:10Z INF +-------------------------------------------------------------------------------------+
2026-05-30T22:52:10Z INF |                               CONNECTIVITY PRE-CHECKS                               |
2026-05-30T22:52:10Z INF +-------------------------------------------------------------------------------------+
2026-05-30T22:52:10Z INF |  COMPONENT         TARGET                     STATUS  DETAILS                       |
2026-05-30T22:52:10Z INF |  DNS Resolution    region1.v2.argotunnel.com  PASS    DNS Resolved successfully     |
2026-05-30T22:52:10Z INF |  DNS Resolution    region2.v2.argotunnel.com  PASS    DNS Resolved successfully     |
2026-05-30T22:52:10Z INF |  UDP Connectivity  region1.v2.argotunnel.com  PASS    QUIC connection successful    |
2026-05-30T22:52:10Z INF |  UDP Connectivity  region2.v2.argotunnel.com  PASS    QUIC connection successful    |
2026-05-30T22:52:10Z INF |  TCP Connectivity  region1.v2.argotunnel.com  PASS    HTTP/2 connection successful  |
2026-05-30T22:52:10Z INF |  TCP Connectivity  region2.v2.argotunnel.com  PASS    HTTP/2 connection successful  |
2026-05-30T22:52:10Z INF |  Cloudflare API    api.cloudflare.com:443     PASS    API is reachable              |
2026-05-30T22:52:10Z INF |                                                                                     |
2026-05-30T22:52:10Z INF |  SUMMARY: Environment is healthy. cloudflared will use 'quic' as primary protocol.  |
2026-05-30T22:52:10Z INF +-------------------------------------------------------------------------------------+
2026-05-30T22:52:10Z INF precheck component="DNS Resolution" details="DNS Resolved successfully" run_id=ae81b878-55f9-4e15-b5b3-15679b51c15a status=pass target=region1.v2.argotunnel.com
2026-05-30T22:52:10Z INF precheck component="DNS Resolution" details="DNS Resolved successfully" run_id=ae81b878-55f9-4e15-b5b3-15679b51c15a status=pass target=region2.v2.argotunnel.com
2026-05-30T22:52:10Z INF precheck component="UDP Connectivity" details="QUIC connection successful" run_id=ae81b878-55f9-4e15-b5b3-15679b51c15a status=pass target=region1.v2.argotunnel.com
2026-05-30T22:52:10Z INF precheck component="UDP Connectivity" details="QUIC connection successful" run_id=ae81b878-55f9-4e15-b5b3-15679b51c15a status=pass target=region2.v2.argotunnel.com
2026-05-30T22:52:10Z INF precheck component="TCP Connectivity" details="HTTP/2 connection successful" run_id=ae81b878-55f9-4e15-b5b3-15679b51c15a status=pass target=region1.v2.argotunnel.com
2026-05-30T22:52:10Z INF precheck component="TCP Connectivity" details="HTTP/2 connection successful" run_id=ae81b878-55f9-4e15-b5b3-15679b51c15a status=pass target=region2.v2.argotunnel.com
2026-05-30T22:52:10Z INF precheck component="Cloudflare API" details="API is reachable" run_id=ae81b878-55f9-4e15-b5b3-15679b51c15a status=pass target=api.cloudflare.com:443
2026-05-30T22:52:10Z INF precheck complete hard_fail=false run_id=ae81b878-55f9-4e15-b5b3-15679b51c15a suggested_protocol=quic
2026-05-30T22:52:10Z INF Registered tunnel connection connIndex=0 connection=3a2a6adb-d0e0-486e-87f9-1f45c5c207cf event=0 ip=198.41.192.27 location=acc01 protocol=quic
